1608303956703:user-is-logged-in
1608303962159:request-response
1608303966067:login
1608303971232:login --username test
1608303974996:login test test
1608303996343:login user pass
1608304006615:request-response
1608304022347:fire-and-forget
1608304078589:channel
1608304093275:s
1608304100529:stream
1608304118014:s
1608304125801:stream
1608304144821:channel
1608304152483:s
1608308401078:login
1608308404551:login admin admin
1608308436623:login user pass
1608308538312:logun test pass
1608308542721:login test pass
1608308568488:logout
1608308589473:request-response
1608391062350:test
1608391064041:login
1608391066929:login user pass
1608393455772:request-response
1608394037072:login user pass
1608394040616:request-response
1608395671824:login user pass
1608395675788:request-response
1608395697164:login user pass
1608395700227:request-response
1608395787327:login
1608395791151:login user pass
1608395793890:request-response
1608395813843:login user pass
1608395830224:request-response
1608395862553:login
1608395864633:login user pass
1608395870222:request-response
1608395962589:login user pass
1608395965056:request-response
1608396170345:login user pass
1608396174483:request-response
1608396212594:login user pass
1608396216315:request-response
1608396237354:fire-and-forget
1608396445227:login user pass
1608396447741:request-response
1608396520253:login user pass
1608396524467:request-response
1608396739592:login user pass
1608396742217:request-response
1608396831449:fire-and-forget
1608396943416:login user pass
1608396946442:request-response
1608397831850:login user pass
1608397836493:request-response
1608397886569:login user pass
1608397889461:request-response
1608397981879:login user pass
1608397985308:request-response
1608398077854:login user pass
1608398081948:request-response
1608398163519:login user pass
1608398169173:stream
1608398188805:s
1608398264304:login user pass
1608398292527:stream
1608400009739:s.
1608400011148:s
1608411812656:login user pass
1608411815418:stream
1608416865856:login user pass
1608416869890:stream
1608416891121:request-response
1608416995611:s
1608416998779:channel
1608417012160:s
1608417015424:stream
1608417323491:login user pass
1608417328064:stream
1608417582145:s
1608417738449:login user pass
1608417779415:stream
1608417909574:login user pass
1608417928097:stream
1608418001635:user log user pass
1608418012067:login user pass
1608418014287:stream
1608418019587:s
1608418182894:login user pass
1608418188507:stream
1608418341036:login user pass
1608418343280:stream
1608418417493:login user pass
1608418421481:request-response
1608418464042:login user pass
1608418477846:stream
1608418588378:login user pass
1608418592740:stream
1608418607890:s
1608418643629:login user pass
1608418646024:stream
1608418713891:login user pass
1608418718083:stream
1608418756352:login user pass
1608418759426:stream
1608418937371:login user pass
1608418938906:stream
1608418957264:s
1608419268099:login user pass
1608419269307:stream
1608419307248:login user pass
1608419308775:stream
1608420537971:login a b
1608421882314:login user pass
1608422143904:login a b
1608422360369:login user pass
1608422393422:login a b
1608422640599:login user pass
1608422646083:stream
1608422847209:s
1608422954472:login user pass
1608422961749:request-response
1608423014331:login user pass
1608423017642:request-response
1608424077349:login user pass
1608424079367:stream
1608424139519:login user pass
1608424141086:stream
1608424191408:login user pass
1608424192742:stream
1608424239534:login user pass
1608424241354:stream
1608424428615:login user pass
1608424431318:stream
1608424435780:stream 1000
1608424445035:s
1608424471594:login user pass
1608424483277:stream 10
1608424491912:s
1608424647342:login user pass
1608424649874:stream 10
1608424721883:s
1608428381489:stream
1608428386367:stream 150
1608428395264:login user pass
1608428413614:strean 150
1608428431975:login user pass
1608428438323:stream 150
1608428469913:s
1608428474934:stream 10
1608428485168:s
1608468972841:login user pass
1608468980785:stream
1608468986411:stream 0
1608468991065:stream 0 50
1608469040798:login user pass
1608469045443:stream 0 50
1608469117213:login user pass
1608469119460:stream 0
1608469174078:login user pass
1608469178021:stream 0
1608469364484:s
1608469366108:logout
1608469373514:login a b
1608478880451:login user pass
1608478886758:stream 0
1608479225729:s
